[  0.000000] Initializing cgroup subsys cpuset
[    0.000000] Initializing cgroup subsys cpu
[    0.000000] Initializing cgroup subsys cpuacct
[    0.000000] Linux versio4.4.0-210-generic (buildd@lgw01-9) (gcc version 5.4.0 20160609 (Ubuntu 5.4.0-6ubuntu1~16.04.12) ) #242-Ubuntu SMP Fri Apr 16 09:57:56 UTC 2021 (Ubuntu 4.4.0-210.242-generic 4.4.262)
[    0.000000] Command line: BOOT_IMAGE=/boot/vlinuz-4.4.0-210-generic root=LABEL=cloudimg-rootfs ro console=tty1 console=ttyS0
[    0.000000] KERNEL supported cpus:
[    0.000000]  Intel GenuineIntel
[    0.000000]   AMD AuthenticAMD
[    0.000000]   Centaur CentaurHauls    0.00000] [Firmware Bug]: TSC doesn't count with P0 frequency!
[    0.000000] x86/fpu: xstate_offset[2]:  576, xstate_sizes[2]:  256
[    0.000000] x86fpu: Supporting XSAVE feature 0x01: 'x87floating point ei'
[    0.000000] x86/fpu: Supporting XSAVE feature 0x02: 'SSE registers'
[    0.000000] x86/fpu: Supporting XSAVE feature 0x04: 'AVX registers'
[    0.000000] x86/fpu: Enabled xstate features 0x7, context size is 832 bytes, using 'standard' format.
[    0.000000] e820: BIOS-provided physical RAM map:
[    0.000000] BIOS-e820: [mem 0x0000000000000000-0x000000000009fbff] usable
[    0.0000] BIOS-e820: [mem 0x000000000009fc00-0x000000000009ffff] reserved
[    0.000000] BIOS-e820: [mem 0x00000000000f0000-0x00000000000fffff] reserved
[    0.000000] BIOS-e820: [mem 0x0000000000100000-0x000000003ffeffff] usable
[    0.000000 BIOS-e820: [mem 0x000000003fff0000-0x000000003fffffff] ACPI data
[    0.000000] BIOS-e80: [mem 0x00000000fec00000-0x0000000fec00fff] reserved
[    0.000000] BIO-e820: [mem 0x00000000fee00000-0x00000000fee00fff] reserved
[    0.000000] BIOS-e820: [mem 0x00000000fffc0000-0x00000000ffffffff] reserved
[    0.000000] NX (Execute Disable) protection: active
[    0.000000] SMBIOS 2.5 present    0.000000] Hypervisor detected: KVM
[    0.000000] Kernel/User page tables isolation: disabled
[    0.000000] e820: last_pfn = 0x3fff0 max_arch_pfn = 0x400000000
[    0.0000] MTRR: Disabled
[    0.000000] x86/PAT: MTRRs disabled, skipping PAT initialization too.
[    0.000000] CPU MTRRs all blank - virtualizedsystem.
[    0.000000] x86/PAT: Configuration [0-7]: WB  WT  UC- UC  WB  WT  UC- UC  
[    0.000000] found SMP MP-table at [mem 0x0009fff0-0x0009ffff] mapped at [ffff88000009fff]
[    0.000000] Sc areas for low memory corruption
[    0.000000] RAMDISK: [mem 0x362dc000-0x37165ff
[    0.000000] ACPI: Early table checksum verification disabled
[    0.000000] ACPI: RSDP 0x00000000000E0000 000024 (v02 VBOX  )
[    0.00000] ACPI: XSDT 0x000000003FFF0030 00003C (v01 VBOX   VBOXXSDT 00000001 ASL  00000061)
[    0.000000] ACPI: FACP 0x000000003FFF00F0 0000F4 (v04 VBOX   VXFCP 00000001 ASL  00000061)
[    0.000000] ACPI:DSDT 0x000000003FFF0470 002325 (v02 VBOX   VBOXBIOS 00000002 INTL 20100528)
[   0.000000] API: FACS 0000000003FFF0200 000040
[    0.000000] ACPI: FACS 0x000000003FFF0200 000040
[0.000000] ACPI: APIC 0x000000003FFF0240 00005C (2 VBOX   VBOXAPIC 00000001 ASL  00000061)
[    0.000000] ACPI: SSDT 0x000000003FFF02A0 0001CC (v01 VBOX   VBOXCPUT 0000002 INTL 20100528)
[    0.000000] No NUMA configuration found
[    0.000000] Faking a node at [mem 0x0000000000000000-0x000000003ffeffff]
[    0.000000] NODE_DATA(0) allocated [mem 0x3ffeb000-0x3ffeffff]
[    0.000000] kvm-clock: Using rs 4b564d01 and 4b564d00
[   0000] kv-clock: cpu 0, msr 0:3ffe3001, primary cpu clock
[    0.000000] vm-clock: using sched offset of 9528143869 cycles
[    0.000000] ksource: kvm-clock: mask: 0xffffffffffffffff max_cycles: 0x1cd42e4dffb, max_idle_ns: 881590591483 ns
[    0.00000] Zone ranges:
[   0.000000]   DMA      [mem 0x0000000000001000-0x00000000ffffff]
[    0.000000]   DMA32    [mem 0x0000000001000000-0x000000003ffeffff]
[    0.00000]   Normal   empty
[  0.000000]   Device   empty
[    0.000000] Movable zone start for each node
[    0.00000] Early mery node ranges
[    0.000000]   node   0: [mem 0x0000000000001000-0x000000000009efff]
[    0.000000]   node   0: [mem 0x0000000000100000-0x000000003ffeffff]
[    0.000000] Initmem setup node [mem 0x0000000000001000-0x0000000ffeffff]
[    0.000000] ACPI: PM-Timer IO Port: 0x4008
[    0.000000] IOAPIC[0]: apic_id 2, version 2, address 0xfec00000, GSI 0-23
[    0.000000] ACPI: INT_SRC_OVR (bus 0 bus_irq 0 global_irq 2 dfl dfl)
[    0.000000] ACPI: INT_SRC_OVR (bus 0 bus_irq 9 global_irq 9 low level)
[    0.000000] Using ACPI (MADT) for SMP configuration informatio
[    0.000000] smpboot:Allowing 2 CPUs, 0 hotplug CPUs
[    0.000000] PM:ed nosave memory: [mem 0x00000000-0x00000fff]
[    0.00000] PM: Registered nosave memory: [mem 0x0009f000-0x0009ffff]
[    0.000000] PM: Retered nosave memory: [mem 0x000a0000-0x000effff]
[    0.000000] PM:Registered nosave memory: [mem 0x000f0000-0x000fffff]
[    0.000000] e820: [mem 0x40000000-0xfebfffff] available for PCI devices
[    0.000000] Booting paravirtualized kernel on KVM
[    0.000000] clocksour: refined-jiffies: mask: 0xffffffff max_cycles: 0xffffffff, ens: 7645519600211568 ns
[    0.000000] setup_percpu: NR_CPUS:51_cpumask_bits:512 nr_cpu_ids:2 nr_node_ids:1
[    0.000000] PERCPU: Embedded 33pes/cpu @ffff88003fc00000 s95192 r8192 d31784 u1048576
[    0.000000] Built 1 zoelists in Node order, mobility grouping on.  Total pages: 257912
[    0.000000] Policy zone: DMA32
[    0.000000] Kernel command line: BOOT_IMAGE=/boot/vmlinuz-4.4.0-210-generic root=LABEL=cloudimg-rootfs ro console=tty1 console=ttyS0
[    0.00000] PI hash table entries: 4096 (order: 3, 32ytes)
[    0.000000] Memory: 997792K/1048120K available (8644K kernelcode, 1332K rwdata, 4044K rodata, 1492K init, 1164K bss, 50328K reserved, 0K cma-reserved)
[    0.000000] SLUB: HWalign=64, Order=0-3, MinObjects=0, CPUs=2, Nodes=1
[    0.000000] Hierarchical RCU implementation.
[    0.000000] 	Build-time adjustment of leaft to 64.
[    0.000000] 	RCU restricting CPUs from NR_CPUS=512 to nrpu_ids=2.
[    0.000000] RCU: Adjusting geometry for rcu_fanout_leaf=64, nr_cpu_ids=2
[    0.000000] NR_IRQS:33024 nr_irqs:440 16
[    0.000000] Console: colur VGA+ 80x25
[    0.000000] cons1] enabled
[    0.00000] console [ttyS0] enabled
[    0.000000] tsc: Deteted 3293.842 MHz processor
[    7.616075] Calibrating delay loop (skipped) preset value.. 6587.68 BogoMIPS (lpj=13175368)
[    7.700567] pid_max: default: 32768 minimum: 301
[    7.721224] ACPI: Core revision 20150930
[    7.744214] ACPI: 2 ACPIML tables successfully acquired and loaded
[    7.833524] Security Framework initialized
[    7.865041] Yama: becoming mindful.
[    7.879495] AppArmor: AppArmor initialized
[    7.911370] Dentry cache hash table entries: 131072 (order: 8, 1048576 bytes)
[    7.969293] Inode-cache hash table entries: 65536 (order: 7, 524288 bytes)
[    8.034395] Mount-cache hash table entries: 2048 (order: 2, 16384 bytes)
[    8.105207] untpoint-cache hash table entries: 2048 (o: 2, 16384 bytes)
[    8.315113] Initializingcgroup subsys io
[   8.365878] Initializing cgroup subsys memory
[    8.419472] Initializing cgroup subsys devices
[    8.439246] Initializingcgroup subsys free
[    8.554474] Initializing cgroup subsys net_cls
[    8.571869] Initializing cgroup subsys perf_event
[    8.592251] Initializing cgroup subsys net_prio
[    8.618313] Initializing cgoup sbsys hugetlb
[    8.685313] Initializing cgroup subsys pds
[    8.750795] mce: CPU supports 0 MCE banks
[    8.786594] Last level iTLB entri 4KB 512, 2MB 1024, 4MB 512
[  8.895289ast level dTLB enries:  1024, 2MB 1024, 4MB 512, 1GB 0
[    9.175002] Spectre V1 : Mitigation: use/swapgs barriers an __user pointer sanitization
[    365372] Spectre V2 : Spectre mitigation: LFENCE not serializing, switching to generic retpoline
[    9.503135] Spectre V2 : Mitigation: Full generic retpoline
[    9.563364] Spectrepctre v2 / SpectreRSB mitigation: Filing RSB on context switch
[    9.835791] Freeing SMPalternatives memory: 36K
[    9.923609] ftr: allocating 32380 entries in 127 pages
[   10.101171] smpboot: APIC(0) Converting physical 0 to logical package 0
[   10.164213] smpboot: Max logical packages: 1
[   10.196276] x2apic enabled
[   10.209831] Swithed APIC routing to physical x2apic.
[   10.293632] TIMER: vector=0x30 apic1=0 pin1=2 ac2=-1 pin2=-1
[   10.594523] smpboot: CPU0: AMD A8-7650K Radeon R7, 10 Compute Cores 4C+6G (family: x5, model: 0x30, stepping: 0x1)
[   10.40812] Performance Events: Broken PMU hardware detected, using software events only.
[   10.824053] Failed to access perfctr msr (MSR c0010007 is 0)
[   10.921339] KVM setup paravirtual spinlock
[   10.94379] x86: Booting SMP configurati
[   11.171439] .... node  #0,PUs:      1
[   11.326854] kvm-clock:0:3ffe3041, secondary cpu clock
[   11.64    12.910Tc6t83: security.SMACK64TR343] evm: security.SMAAP
[   23.888527] evm: security.ima
[   23.928797] evm: security.capabilty
[   3.986911] clocksource: jiffies: mask: 0xffffffff max_cycles: 0xfffffff, max_idle_ns: 7645041785100000 ns
[   24.152780] futex hash table entries: 512 (order: 3, 32768 bytes)
[   24.183011] pinctrl core: initialized pinctrl ubsystem
[   24.248341] RTC time 19:529, date: 08/15/22
[   24.462435] NET: Registered protocol family 16
[   204039] cpuidle: using governor ladder
[   24.679039] cpuidle: using governor menu
[   24.711363] PCCT header nt found.
[   24.765505] ACPI: bus type PCI registered
[   24.784714] acpiphp: ACPI Hot Plug PCI Controller Driver version: 0.5
[   24.826582] PCI: Using configuration type 1 for base access
[   24.903529] PCI: Using configuration type 1 for extended access
[4.941743] ACPI: Added _OSI(Moule Device)
[   25.199554] ACPI: Added _OSI(Processor Device)
[   25.269116] ACPI: Added _OSI(3.0 _SCP Extensions)
[   25.292611] ACPIdded _OSI(Processor Aggregator Device)
[   25.45942] ACPI: Executed 1 blocks of module-level executable AML code
[   25.550858] ACPI: Interpreter eabled
[   25.629394] ACPI: (supports S0 S)
[   25.748650] ACPI: Using IOAPIC for interrupt routng
[   25.819355] PCI: Using host bridge windows rom ACPI; if necessary, use "pci=nocrs"and report a bug
[ 25.991475] ACPI: PCI Root Bridge [PCI0] (domain 0000 [bus 00-ff])
[   26.113580] acpi PNP0A03:00: _OSC: OS supports [ExtendedConfig ASPM ClockPM Segments MSI]
[   26.165] acpi PNP0A03:00: _OSC: platform does not support [PCIeCapability]
[   26.306627] acpi PNP0A03:00: _OSC: not requesting control; platform es not support [PCIeCapability]
[   .503223] acpi PNP0A03:00: _OSC: OS requested [PCIeHotplug PME AER PCIeCapability]
[   26.652746] acpi PNP0A03:00: _OSC: platform willing to grant [PCIeHotplug PME AER]
[   04582] acpi PNP0A03:00: _OSC failed (AE_SUPPORT); disabling ASPM
[   26.867822] PCI host bridge to bus 0000:00
[   26.911249] pci_bus 0000:00: root bus resource [io  0x0000-0x0cf7 window]
[   26.946860] pci_bus 0:00: root bus resource [io  0x0d00-0xffff wndow]
[   27.184111] pci_bus 0000:00: root bus resource [mem 0x000a0000-0x000bffff window]
[   27.258370] pci_bus 0000:00: root bus resource [mem 0x40000000-0xfdffffff window]
[   27.327696] pci_bus 00:00: root bus resource [ 00-ff]
[   27.545875] pci 0000:00:01.1: legacy IDE quirk: reg 0x10: [io  0x01f0-0x01f7]
[   27.602321] pci 0000:00:01.1: legacy IDE quirk: reg 0x14: [io  0x03f6]
[   27.645041] pci 0000:00:01.1: legay IDE quirk: reg 0x18: [io  0x0170-0x0177]
[   2.764674] pci 0000:00:01.1: legacy IDE quirk: reg 0x1c: [io  0x0376]
[85575] pci 0000:00:07.0: quirk: [io  0x4000-0x403f] claimed by PIIX4 ACPI
[   28.213281] pci 0000:00:07.0: quirk: [io  0x4100-0x410f] claimed by PIIX4 SMB
[   28.323404] ACPI: PCI Interrupt Link [LNKA] (IRQs 5 9 10 *11)
[   28.359582] ACPI: PCI Interrupt Link [LNKB] (IRQs 5 9 *10 11)
[   28.447914] ACPI: PCI Interrupt Link [LNKC] (IRQs 5 *9 10 11)
[   28.480458] ACPI: PCI Interrupt Link [LNKD] (IRQs 5 9 10 *11)
[   28.543926] ACPI: Enabled 2 GPEs in block 00 to 07
[   28.579203] vgaarb: setting as bootevice: PCI:0000:00:02.0
[   28.699174] vgaarb: device added: PCI:0000:00:02.0,decodes=i+mem,owns=io+mem,locks=none
[   28.795549] vgaarb: loaded
[   28.819355]gaarb: bridge control possible 0000:00:02.0
[28.937444] SCSI subsystem initialized
[   29.084204] ACPI: bus type USB registered
[   29.101441] usbcore: registered new nterface driver usbfs
[   29.212765] usbcore: registered new interface driver hub
[   29.285805] usbcore: registered new device driver us4 ACPI for IRQ rou
[   30.51152] NetLabel: Initializing
[   30.569498] NetLabel:  domain hash size = 128
[   30.613928] NetLabel:  protocols = UNLABELED CIPSOv4
[   30.663943] NetLabel:  unlabeled traffic allowed by default
[   30.713011] amd_nb: Cannot enumerate AMD northbridges
[   30.765305] clocksourc: Switched to clocksource kvm-clock
[   363296] AppArmor: AppArmor Filesystem Enabled
[   31.004318] pnp: PnP ACPI init
[   31.018098] pnp: PnP ACPI: found 3 devices
[   31.074755] clocksource: acpi_pm: mask: 0xffffff max_cycles: 0xff max_idle_ns: 2085701024 ns
[   31.352559] NET: Registered protocol amily 2
[   31.41] TCP established hash table entries: 8192 (order: 4, 65536 bytes)
[   31.598244] TCP bind hash table entries: 8192 (order: 5, 11072 bytes)
[   31.667091] TCP: Hash tables configured (established 8192 bind 8192)
[   31.758725] UDP hash table entries: 512 (order: 2, 16384 bytes)
[   31.798263] UDP-Lite hash table entries: 512 (order: 2, 16384 bytes)
[ 31.829209] NET: Registered protocol family 1
[   32.024678] pci 0000:00:00.0: Limiting direct PCI/PCI transfers
[   32.125282] pci 0000:00:01.0: Activating ISA DMA hang workarounds
[   32.9148] Unpacking initramfs...
[2.612470] Freeing initrd memory: 14888K
[   32.767382] clocksource: tsc: mask: 0xffffffffffffffff max_cycles: 0x2f7a92b63c4, max_idle_ns: 440795219646 ns
[   32.845762] platform rtc_cmos: registered platform RTC device (no PNP device found)
[   32.906319] Scanning for low memory corruption every 60 seconds
[   32.931068] au initializing netlink subsys (disabled)
[   33.122217] audit: type=2000 audit(1660593083.101:1): initialized
[   33.147909] Initialise system trusted keyrig
[   33.207764] HugeTLB registered 2 MB page size, pre-allocated 0 pages
[   33.637] zbud: loaded
[   33.435646] VFS: Dk quotas dquot_6.6.0
[   33.542806] VFS: Dquot-cache hash table entries: 512 (order 0, 4096 bytes)
[   33.615055] squashfs: version 4.0 (2009/01/31) Phillip Lougher
[   33.655498] fuse init (API version 7.23)
[   388799] Key type big_key registered
[   33.836188] Allocating IMA MOK and blacklist keyrings.
[   33.885685] Key ype asymmetric registered
[   33.938537] Asymmetric key parser 'x509' registered
[   33.995321] Blck layer SCSIeric (bsg) driver version 0.4 loaded (major 249)
[   34.22284] io scheduler noop registered
[   34.287332] io scheduler deadline registered (default)
[   34.308533] io scheduler cfq registered
[ 34.338804] pci_hotplug: PCI Hot Plu PCI Cre version: 0.5
[   34.553748] pciehp: PCI Express Hot Plug Controller Driver versio 0.4
[   34.693169] ACPI: AC Adapter [AC] (on-line)
[   34.736406] input: Power Button as /devices/LNXSYSTM:00/LNXPWRBN:00/input/input0
[   343869] ACPI: Power Button [PWRF]
[   34.927420] input: Sleep Button as /devices/LNXSYSTM:00/LNXSLPBN:00/input/input1
[   35.001538 ACPI: Sleep Button [SLPF]
[   35.078982] GHES: HEST is not enabled!
[   35.097221] Serial: 8250/1550 driver, 32 ports, IRQ shari enabled
[  35.260934] 00:02: ttyS0 at I/O 0x3f8 (irq = 4, base_baud = 115200) is a 16550A
[   35.370843] Linux agpgart interface v0.103
[ 35.527850] loop: module loaded
[   35.636782] scsi host0: ata_piix
[   35.682067] scsi host1: ata_piix
[   35.724889] ata1: PATA max UDMA/33 cmd 0x1f0 ctl 0x3f6 bmdma 0xd000 irq 14
[   35.804685] ata2: PATA max UDMA/33 cmd 0x170 ctl 0x376 bmdma 0xd008 irq 15
[   35.833055] libphy: Fixd MDIO Bus: probed
[   35.943454] tn: Universal TUN/TAP device driver, 1.6
[   36.001107] tun: (C) 1999-2004 Max Krasnyansky <maxk@qualcomm.com>
[   36.051612] PPP generic driver version 2.4.2
[   36.097111] ehci_hcd: USB 2.0 'Enhanced' Host Controller (EHCI) Driver
[   36.141267] ehci-pci: EHCI PCI platform driver
[   36.164269] ehci-platform: EHCI generic platform driver
[   36.205850] hci_hcd: USB 1.1 'Open' Host Controller (OHCI) Driver
[   36.325775] ohci-pci: OHCI PCI platfordriver
[   36.443543] ohci-platform: OHCI generic platform driver
[   36.476976] uhci_hcd: USB Universal Host Controller Interface driver
[   36.504668] i8042: PNP: PS/2Controller [PNP0303:PS2K,PNP0f03:PS2M] at 0x60,0x64 irq 1,12
[   36.636366] serio: i8042 KBD port at 0x60,0x64 irq 1
[   36.662193] serio: i8042 AUX port at 0x60,0x64 irq 12
[   36.684347] mousedev: PS/2 mouse devicmmon for all mice
[   36.878969] rtc_cmos rtc_cmos: rtc core: registered rtc_cmos as rtc0
[   36.936923] rtc_cmos rtc_cmos: alarms up to one day, 114 bytes nvram
[   36.936995] input: AT Translated Set 2 eyboard as /devices/platform/i8042/serio0/input/input2
[   37.070819] i2c /dev entries driver
[   37.098347] device-mapper: uevent: version 1.0.3
[   37.121630] device-mapper: ioctl: 4.34.0-ioctl (2015-10-28) initialised: dm-devel@redhat.com
[   37.1805] ledtrig-cpu: registered to indicate activity on CPUs
[   37.319097] x86/pm: family 0x15 cpu detected, MSR saviis needed during suspending.
[   37.534469] NET: Registered protocol family 10
[   37.56273] NET: Registered protocol family 17
[   37.651546] Key type dns_resolver registered
[   37.685345] registered taskstats version 1
[   37.704709] Loading compiled-in X.509 certificates
[   37.726971] Loaded X.509 cert 'Build time autogenerated kernel key: cf00e047681d67edb2720680708b7d9498083038'
[  37.793211] zswap: loaded using pool lzo/zbud
[   37.852797] Key pe trusted registered
[   37.969841] Key type encrypted registered
[   38.004955] AppArmor: AppArmor sha1 policy hashing enabled
[   38.069790] ima: No TPM chip found, activating TPM-bypass!
[   38.105312] ima: Allocated hashalgorithm: sha1
[   38.161501] evm: HMAC attrs: 0x1
[   3.189925]   Magic number: 2:495:900
[   38.266979] acpi PNP0501:00: hash matches
[   38.296465] rtc_cmos rtc_cmos: setting system clock to2022-08-15 19:51:43 UTC (1660593103)
[   38.391182] BIOS EDD facility v0.16 2004-Jun-25, 0 devices found
[   38.42578] EDD information not available.
[   38.496905] Freeing unused kernel memory: 1492K
[   38.542323] Write protecting the kernel read-only data: 14336k
[   38.699381] Freeing unused kernel memory: 1584K
[   38.767888] Freeing unused kernel memory: 52K
Loading, please wait...
starting version 229
[   38.837473] random: systemd-udevd: uninitialized urandom read (16 bytes read, 5 bits of entropy available)
[   38.838682] random: udevadm: uninitialized urandom read (16 bytes read, 5 bits of entropy available)
[   38.838760] random: udevadm: uninitialized urandom read (16 bytes read, 5 bits of entropy available)
[   38.855743] random: udevadm: uninitialized urandom read (16 bytes read, 5 bits of entropy available)
[   38.855800] random: udevadm: uninitialized urandom read (16 bytes read, 5 bits of entropy available)
[   38.856019] random: udevadm: uninitialized urandom read (16 bytes read, 5 bits of entropy available)
[   38.856082] random: udevadm: uninitialized urandom read (16 bytes read, 5 bits of entropy available)
[   38.856146] random: udevadm: uninitialized urandom read (16 bytes read, 5 bits of entropy available)
[   38.856211] random: udevadm: uninitialized urandom read (16 bytes read, 5 bits of entropy available)
[   38.856275] random: udevadm: uninitialized urandom read (16 bytes read, 5 bits of entropy available)
[   40.125798] e1000: Intel(R) PRO/1000 Network Driver - version 7.3.21-k8-NAPI
[   40.192338] e1000: Copyright (c) 1999-2006 Intel Corporation.
[   40.298823] Fusion MPT base driver 3.04.20
[   40.325992] Copyright (c) 1999-2008 LSI Corporation
[   40.483345] Fusion MPT SPI Host driver 3.04.20
[   40.553229] AVX version of gcm_enc/dec engaged.
[   40.622095] AES CTR mode by8 optimization enabled
[   40.691881] input: ImExPS/2 Generic Explorer Mouse as /devices/platform/i8042/serio1/input/input4
[   40.914848] e1000 0000:00:03.0 eth0: (PCI:33MHz:32-bit) 02:be:82:6b:cc:1d
[   40.914854] e1000 0000:00:03.0 eth0: Intel(R) PRO/1000 Network Connection
[   40.917625] mptbase: ioc0: Initiating bringup
[   40.982052] ioc0: LSI53C1030 A0: Capabilities={Initiator}
[   41.143424] scsi host2: ioc0: LSI53C1030 A0, FwRev=00000000h, Ports=1, MaxQ=256, IRQ=20
[   41.598212] scsi 2:0:0:0: Direct-Access     VBOX     HARDDISK         1.0  PQ: 0 ANSI: 5
[   41.708331] scsi target2:0:0: Beginning Domain Validation
[   41.756338] scsi target2:0:0: Domain Validation skipping write tests
[   41.810255] scsi target2:0:0: Ending Domain Validation
[   41.856662] scsi target2:0:0: asynchronous
[   41.877391] scsi 2:0:1:0: Direct-Access     VBOX     HARDDISK         1.0  PQ: 0 ANSI: 5
[   41.928743] scsi target2:0:1: Beginning Domain Validation
[   42.042539] e1000 0000:00:08.0 eth1: (PCI:33MHz:32-bit) 08:00:27:0d:5e:56
[   42.042545] e1000 0000:00:08.0 eth1: Intel(R) PRO/1000 Network Connection
[   42.192930] e1000 0000:00:08.0 enp0s8: renamed from eth1
[   42.231281] scsi target2:0:1: Domain Validation skipping write tests
[   42.264142] scsi target2:0:1: Ending Domain Validation
[   42.525767] scsi target2:0:1: asynchronous
[   42.534072] e1000 0000:00:03.0 enp0s3: renamed from eth0
[   42.793441] sd 2:0:0:0: Attached scsi generic sg0 type 0
[   42.793443] sd 2:0:0:0: [sda] 83886080 512-byte logical blocks: (42.9 GB/40.0 GiB)
[   42.793710] sd 2:0:0:0: [sda] Write Protect is off
[   42.793865] sd 2:0:0:0: [sda] Incomplete mode parameter data
[   42.793866] sd 2:0:0:0: [sda] Assuming drive cache: write through
[   42.806621]  sda: sda1
[   42.808304] sd 2:0:0:0: [sda] Attached SCSI disk
[   43.169792] sd 2:0:1:0: Attached scsi generic sg1 type 0
[   43.171812] sd 2:0:1:0: [sdb] 20480 512-byte logical blocks: (10.5 MB/10.0 MiB)
[   43.172365] sd 2:0:1:0: [sdb] Write Protect is off
[   43.172560] sd 2:0:1:0: [sdb] Incomplete mode parameter data
[   43.172562] sd 2:0:1:0: [sdb] Assuming drive cache: write through
[   43.248607] sd 2:0:1:0: [sdb] Attached SCSI disk
Begin: Loading essential drivers ... [   45.542861] md: linear personality registered for level -1
[   45.572200] md: multipath personality registered for level -4
[   45.615889] md: raid0 personality registered for level 0
[   45.684470] md: raid1 personality registered for level 1
[   45.791001] raid6: sse2x1   gen()  5443 MB/s
[   45.877655] raid6: sse2x1   xor()  4213 MB/s
[   46.078829] raid6: sse2x2   gen()  8638 MB/s
[   46.189371] raid6: sse2x2   xor()  5380 MB/s
[   46.297327] raid6: sse2x4   gen()  4238 MB/s
[   46.394198] raid6: sse2x4   xor()  4126 MB/s
[   46.424864] raid6: using algorithm sse2x2 gen() 8638 MB/s
[   46.446286] raid6: .... xor() 5380 MB/s, rmw enabled
[   46.467006] raid6: using ssse3x2 recovery algorithm
[   46.544656] xor: automatically using best checksumming function:
[   46.669762]    avx       :  8684.000 MB/sec
[   46.912349] async_tx: api initialized (async)
[   46.964553] md: raid6 personality registered for level 6
[   47.011465] md: raid5 personality registered for level 5
[   47.050097] md: raid4 personality registered for level 4
[   47.122507] md: raid10 personality registered for level 10
done.
Begin: Running /scripts/init-premount ... done.
Begin: Mounting root file system ... Begin: Running /scripts/local-top ... done.
Begin: Running /scripts/local-premount ... [   47.319977] Btrfs loaded
Scanning for Btrfs filesystems
done.
Warning: fsck not present, so skipping root file system
[   48.093755] EXT4-fs (sda1): INFO: recovery required on readonly filesystem
[   48.126925] EXT4-fs (sda1): write access will be enabled during recovery
[   48.247080] random: nonblocking pool is initialized
[   48.309682] EXT4-fs (sda1): recovery complete
[   48.352653] EXT4-fs (sda1): mounted filesystem with ordered data mode. Opts: (null)
done.
Begin: Running /scripts/local-bottom ... done.
Begin: Running /scripts/init-bottom ... done.
[   51.291716] systemd[1]: systemd 229 running in system mode. (+PAM +AUDIT +SELINUX +IMA +APPARMOR +SMACK +SYSVINIT +UTMP +LIBCRYPTSETUP +GCRYPT +GNUTLS +ACL +XZ LZ4 +SECCOMP +BLKID +ELFUTILS +KMOD -IDN)
[   51.439089] systemd[1]: Detectd virtualization oracle.
[   51.521130] systemd[1]: Detected architecture6-64.

Welcome to [1mUbuntu 16.04.7 LTS[0m!

[   51982118] systemd[1]: Set hostname to <ubuntu-xenial
[   55.446784] stemd[1]: Listening on LVM2 poll daemon socket.
[[0;32m  OK  [0m] Listening on LVM2 poll daemon socket.
[   55.591478] systemd[1]: Listening on fsck to fsckd communiation Socket.
[[0;32m  OK  [0m] Listening on fsck to fsckd communication Socket.
[   55.718303] systemd[1]: Listening on udev Contr cket.
[[0;32m  OK  [0m] Listening on udev Control Socket.
[   55.898041] systemd[1]: Started Forward Password Requests to Wall Directory Watch.
[[0;32m  OK  [0m] Started Forward Password Requests to Wall Directory Watch.
[   55.948488] systemd[1]: Listening on /dev/initctl Compatibility Named Pipe.
[[0;32m  OK  [0m] Listening on /dev/initctl Compatibility Named Pipe.
[   56.037651] systd[1]: Reached target Swap.
[[0;32m  OK  [0m] Reached target Swap.
[   56.174812] systemd[1]: Created slice System Slice.
[[0;32m  OK  [0m] Created slice System Slice.
[   56.205816] systemd[1]:Listening on Syslog Socket.
[[0;32m  OK  [0m] Listening on Syslog Socket.
[   56.285762] systemd[1]: Reached target Encrypted Volumes.
[[0;32m  OK  [0m] Reached target Encrypted Volumes.
[   56.318004] systemd[1]: Listening on Journal Socket.
[[0;32m  OK  [0m] Listening on Journal Socket.
[ 6409877] arting Create list of required static device nodes for the curent kernel...
         Starting Create list of required st... nodes for the current kernel...
[   57.409616] systemd[1]: Starting Load Kernel Modules...
         Starting Load Kernel Modules...
[  7.49915] systemd[1]: Starting File System Check on Root Device...
         Startin[   57.742629] systemd[1]: Listening on Journal Socket (/dev/log).
g File System Check on Root Device...
[   57.853894] Loading iSCSI transport class v2.0-870.
[[0;32m  OK  [0m] Listening on Journal Socket (/dev/log).
[   58.021087] iscsi: registered transport (tcp)
[  58.089980] systemd[1]: Mounting Huge Pages File System...
         Mounting Huge Pages File System...
[ 8.346191] systemd[1]: Created slice system-serial\x2dgetty.slice.
[[0;32m  OK  [0m] Created slice system-serial\x2dgetty.slice.
[5.530500] systemd[1]: Starting Nameserver information manager..
         Starting Nameserver information manager...
[   59.078019] systemd[1]: Created slce User and Session Slic.
[[0;32m  OK  [0m] Created slic[   59.258923] iscsi: registered transport (iser)
e User and Session Slice.
[   59.406387] systemd[1]: Mounting Debug File System...
         Mounting Debug File System...
[   59.503267] systemd[1]: Mounting POSIX Message Queue File System...
         Mounting POSIX Message Queue File System...
[   59.549929] systemd[1]: Reached target Slices.
[[0;32m  OK  [0m] Reached target Slices.
[   59.601679] systemd[1]: Reached target User and Grou Name Lookups.
[[0;32m  OK  [0m] Reached target User and Group Name Lookups.
[   59.725781] systemd[1]: Started Trigger resolvconf update fr networkd DNS.
[[0;32m  OK  [0m] Started Trigger resolvconf update for networkd DNS.
[   59.89918] systemd[1]: Reached target System TimeSynchronized.
[[0;32m  OK  [0m] Reached target System Time Synchronized.
[   9.954361] systemd[1]: Listening on LVM2 metdata daemon socket.
[[0;32m  OK  [0m] Listening on LVM2 metadata daemon socket.
[  60.109767] systemd[1]: Lisening on udev Kernel Socket.
[[0;32m  OK  [0m] Listening on udev Kernel Socket.
[   60.261985] systemd[1]: Listening on Device-mapper event damon FIFOs.
[[0;32m  OK  [0m] Listening on Device-mapper event daemon FIFOs.
[  60.353982] systemd[1]: Starting Monitoring of LVM2 mirrors, snapshots etc. using dmeventd or progress polling...
         Starting Monitoring of LVM2 mirrors... dmeventd or progress polling...
[60.498178] sysemd[1]: Listening on Journal Audit Socket.
[[0;32m  OK  [0m] Listening on Journal Audit Socket.
[   60.78244 systemd[]: Strting Journal Service...
         Starting Journal Service...
[  61.179001] systemd[1]: Starting Set console keymap...
         Starting Set console keymap...
[   61.371386] systemd[1]: Set up automount Arbitrary Executable File Formats File System Automount Point.
[[0;32m  OK  [0m] Set up automount Arbitrary Executab...ats File System Automount Point.
[  612255] systemd[1]: Starting Uncomplicated firewall...
         Starting Uncomplicated firewall...
[   61.872102] systemd[1]outed Huge Pages File System.
[[0;32m  OK  [0m] Mounted Huge Pages File System.
[   62.114364] systemd[1]: Mounted POSIX Message Queue File System.
[[0;32m  OK  [0m] Mounted POSIX Message Queue File System.
[   62.166192] systemd[1]: Mounted Debug File System.
[[0;32m  OK  [0m] Mounted Debug File System.
[   62.198649] systemd[1]: Started Journal Service.
[[0;32m  OK  [0m] Started Journal Service.
[[0;32m  OK  [0m] Started Create list of required sta...ce nodes for the current kernel.
[[0;32m  OK  [0m] Started Load Kernel Modules.
[[0;32m  OK  [0m] Started File System Check on Root Device.
[[0;32m  OK  [0m] Started Set console keymap.
[[0;32m  OK  [0m] Started Uncomplicated firewall.
[[0;32m  OK  [0m] Started Nameserver information manager.
[[0;32m  OK  [0m] Started File System Check Daemon to report status.
[[0;32m  OK  [0m] Started LVM2 metadata daemon.
         Starting Remount Root and Kernel File Systems...
[   62.805479] EXT4-fs (sda1): re-mounted. Opts: (null)
         Mounting FUSE Control File System...
         Starting Apply Kernel Variables...
         Starting Create Static Device Nodes in /dev...
[[0;32m  OK  [0m] Mounted FUSE Control File System.
[[0;32m  OK  [0m] Started Remount Root and Kernel File Systems.
[[0;32m  OK  [0m] Started Monitoring of LVM2 mirrors,...ng dmeventd or progress polling.
[[0;32m  OK  [0m] Started Apply Kernel Variables.
         Starting Flush Journal to Persistent Storage...
         Starting Load/Save Random Seed...
         Starting udev Coldplug all Devices...
[[0;32m  OK  [0m] Started Create Static Device Nodes in /dev.
[[0;32m  OK  [0m] Started Load/Save Random Seed.
[[0;32m  OK  [0m] Reached target Local File Systems (Pre).
[[0;32m  OK  [0m] Reached target Local File Systems.
         Starting Initial cloud-init job (pre-networking)...
         Starting Set console font and keymap...
         Starting Tell Plymouth To Write Out Runtime Data...
         Starting LSB: AppArmor initialization...
         Starting udev Kernel Device Manager...
[[0;32m  OK  [0m] Started udev Coldplug all Devices.
[[0;32m  OK  [0m] Started Tell Plymouth To Write Out Runtime Data.
[[0;32m  OK  [0m] Started Flush Journal to Persistent Storage.
         Starting Create Volatile Files and Directories...
[[0;32m  OK  [0m] Started Set console font and keymap.
[[0;32m  OK  [0m] Created slice system-getty.slice.
[[0;32m  OK  [0m] Started udev Kernel Device Ma[[0;32m  OK  [0m] Started Dispatch Password Requests to Console Directory Watc
[[0;32m  OK  [0m] Found device /dev/ttyS0.
[[0;32m  OK  [0m] Listening on Load/Save RF Kill Switch Status /dev/rfkill Wat
[[0;32m  OK  [0m] Found device 82540EM Gigabit Ethern...r (PRO/1000 MT Desktop Adapter).
[[0;32m  OK  [0m] Found device 82540EM Gigabit Ethern...r (PRO/1000 MT Desktop 
[[0;32m  OK  [0m] Started LSB: AppArmor initialization.
         Starting Load AppArmor profiles managed internally by snapd...
[[0;32m  OK  [0m] Started Load AppArmor profiles managed internally by snapd.
[[0;32m  OK  [0m] Started Create Volatile Files and Directories.
         Starting Update UTMP about System Boot/Shutdown...
[[0;32m  OK  [0m] Started Update UTMP about System Boot/Shutdown.
[   65.071477] cloud-init[476]: Cloud-init v. 21.1-19-gbad84ad4-0ubuntu1~16.04.2 running 'init-local' at Mon, 15 Aug 2022 19:52:35 +0000. Up 63.37 seconds.
[[0;32m  OK  [0m] Started Initial cloud-init job (pre-networking).
[[0;32m  OK  [0m] Reached target Network (Pre).
         Starting Raise network interfaces...
[[0;32m  OK  [0m] Started ifup for enp0s3.
[[0;32m  OK  [0m] Started ifup for enp0s8.
[[0;32m  OK  [0m] Started Raise network interfaces.
[[0;32m  OK  [0m] Reached target Network.
         Starting Initial cloud-init job (metadata service crawler)...
[   68.525859] cloud-init[1087]: Cloud-init v. 21.1-19-gbad84ad4-0ubuntu1~16.04.2 running 'init' at Mon, 15 Aug 2022 19:52:38 +0000. Up 66.89 seconds.
[   68.565790] cloud-init[1087]: ci-info: ++++++++++++++++++++++++++++++++++++++Net device info+++++++++++++++++++++++++++++++++++++++
[   68.589299] cloud-init[1087]: ci-info: +--------+------+-----------------------------+---------------+--------+-------------------+
[   68.601523] cloud-init[1087]: ci-info: | Device |  Up  |           Address           |      Mask     | Scope  |     Hw-Address    |
[   68.625288] cloud-init[1087]: ci-info: +--------+------+-----------------------------+---------------+--------+-------------------+
[   68.736606] cloud-init[1087]: ci-info: | enp0s3 | True |          10.0.2.15          | 255.255.255.0 | global | 02:be:82:6b:cc:1d |
[   68.736853] cloud-init[1087]: ci-info: | enp0s3 | True |  fe80::be:82ff:fe6b:cc1d/64 |       .       |  link  | 02:be:82:6b:cc:1d |
[[0;32m  OK  [0m] Started Initial cloud-init job (metadata service crawler).
[   68.737051] cloud-init[1087]: ci-info: | enp0s8 | True |        192.168.10.100       | 255.255.255.0 | global | 08:00:27:0d:5e:56 |
[   68.825410] [[0;32m  OK  [0mcloud-init] [1087]: Reached target Network is Online.ci-info: | enp0s8 | True | fe80::a00:27ff:fe0d:5e56/64 |       .       |  link  | 08:00:27:0d:5e:56 |

[   68.840992] cloud-init[1087]: ci-info: |   lo   | True |          127.0.0.1          |   255.0.0.0   |  host  |         .         |
[   68.841229] cloud-init[1087]: ci-info: |   lo   | True |           ::1/128           |       .       |  host  |         .         |
         Starting iSCSI initiator daemon (iscsid)...
[[   68.841343] cloud-init[1087]: ci-info: +--------+------+-----------------------------+---------------+--------+-------------------+
[0;32m  OK  [0m] Reached target System Initialization.
[   68.933154] cloud-init[1087]: ci-info: ++++++++++++++++++++++++++++Route IPv4 info++++++++++++++++++++++++++++
[[0;32m  OK  [0m] Started Daily apt download activities.
[   69.201493] cloud-init[1087]: ci-info: +-------+--------------+----------+---------------+-----------+-------+
[   69.212946] [cloud-init[0;32m  OK  [0m[1087]: ] ci-info: | Route | Destination  | Gateway  |    Genmask    | Interface | Flags |Started Message of the Day.

[   69.213316] cloud-init[1087]: ci-info: +-------+--------------+----------+---------------+-----------+-------+
[   69.232548] cloud-init[1087]: ci-info: |   0   |   0.0.0.0    | 10.0.2.2 |    0.0.0.0    |   enp0s3  |   UG  |
[   69.232954] cloud-init[1087]: ci-info: |   1   |   10.0.2.0   | 0.0.0.0  | 255.255.255.0 |   enp0s3  |   U   |
[   69.233022] cloud-init[1087]: ci-info: |   2   | 192.168.10.0 | 0.0.0.0  | 255.255.255.0 |   enp0s8  |   U   |
[   69.233074] cloud-init[1087]: ci-info: +-------+--------------+----------+---------------+-----------+-------+
[[0;32m  OK  [0m] Listening on UUID daemon activation socket.
[   69.233181] cloud-init[1087]: ci-info: +++++++++++++++++++Route IPv6 info+++++++++++++++++++
[[0;32m  OK  [0m] Started Daily Cleanup of Temporary Directories.
[   69.256553] cloud-init[1087]: ci-info: +-------+-------------+---------+-----------+-------+
[[   69.446464] cloud-init[1087]: ci-info: | Route | Destination | Gateway | Interface | Flags |
[0;32m  OK  [0m] Started ACPI Events Check.
[   69.446621] cloud-init[1087]: ci-info: +-------+-------------+---------+-----------+-------+
[   69.446820] [cloud-init[0;32m  OK  [0m[1087]: ] ci-info: |   0   |  fe80::/64  |    ::   |   enp0s8  |   U   |Reached target Paths.

[   69.541514] cloud-init[1087]: ci-info: |   1   |  fe80::/64  |    ::   |   enp0s3  |   U   |
[[0;32m  OK  [0m] Listening on ACPID Listen Socket.
[   69.541851] cloud-init[1087]: ci-info: |   5   |   ff00::/8  |    ::   |   enp0s8  |   U   |
[   69.752945]          cloud-initStarting LXD - unix socket.[1087]: 
ci-info: |   6   |   ff00::/8  |    ::   |   enp0s3  |   U   |
[   69.764743] cloud-init[1087]: ci-info: +-------+-------------+---------+-----------+-------+
         Starting Socket activation for snappy daemon.
[[0;32m  OK  [0m] Started Daily apt upgrade and clean activities.
[[0;32m  OK  [0m] Listening on D-Bus System Message Bus Socket.
[[0;32m  OK  [0m] Started Ubuntu Advantage Timer for running repeated jobs.
[[0;32m  OK  [0m] Reached target Timers.
[[0;32m  OK  [0m] Reached target Cloud-config availability.
[[0;32m  OK  [0m] Listening on LXD - unix socket.
[[0;32m  OK  [0m] Listening on Socket activation for snappy daemon.
[[0;32m  OK  [0m] Started iSCSI initiator daemon (iscsid).
         Starting Login to default iSCSI targets...
[[0;32m  OK  [0m] Reached target Sockets.
[[0;32m  OK  [0m] Reached target Basic System.
[[0;32m  OK  [0m] Started Deferred execution scheduler.
         Starting Login Service...
[[0;32m  OK  [0m] Started FUSE filesystem for LXC.
         Starting Accounts Service...
         Starting LXD - container startup/shutdown...
[[0;32m  OK  [0m] Started ACPI event daemon.
         Starting /etc/rc.local Compatibility...
         Starting Virtualbox guest utils...
         Starting Snap Daemon...
         Starting OpenBSD Secure Shell server...
[[0;32m  OK  [0m] Started D-Bus System Message 
[[0;32m  OK  [0m] Started Regular background program processing daemon.
         Starting System Logging Service...
         Starting LSB: Record successful boot for GRUB...
         Starting LSB: MD monitoring daemon...
[[0;32m  OK  [0m] Started /etc/rc.local Compatibility.
[[0;32m  OK  [0m] Started OpenBSD Secure Shell server.
[[0;32m  OK  [0m] Started Login
[[0;32m  OK  [0m] Started System Logging Service.
[[0;32m  OK  [0m] Started LSB: Record successful boot for GRUB.
[[0;32m  OK  [0m] Started LSB: MD monitoring daemon.
[[0;32m  OK  [0m] Started Unattended Upgrades S
         Starting Authenticate and Authorize Users to Run Privileged Tasks...
[[0;32m  OK  [0m] Started Login to default iSCSI targets.
[[0;32m  OK  [0m] Started Virtualbox guest utils.
[[0;32m  OK  [0m] Started LXD - container startup/shutdown.
[[0;32m  OK  [0m] Started Authenticate and Authorize Users to Run Privileged Tasks.
[[0;32m  OK  [0m] Started Accounts Service.
[[0;32m  OK  [0m] Reached target Remote File Systems (Pre).
         Mounting /home/vagrant/app...
[[0;32m  OK  [0m] Mounted /home/vagrant/app.
[[0;32m  OK  [0m] Reached target Remote File Systems.
         Starting LSB: Set the CPU Frequency Scaling governor to "ondemand"...
         Starting LSB: automatic crash report generation...
         Starting LSB: daemon to balance interrupts for SMP systems...
         Starting Permit User Sessions...
[[0;32m  OK  [0m] Started Permit User Sessions.
         Starting Terminate Plymouth Boot Screen...
         Starting Hold until boot process finishes up...
[[0;32m  OK  [0m] Started Snap Daemon.
[[0;32m  OK  [0m] Started LSB: Set the CPU Frequency Scaling governor to "ondemand".
[[0;32m  OK  [0m] Started LSB: automatic crash report generati[[0;32m  OK  [0m] Started LSB: daemon to balance interrupts for SMP systems.
[[0;32m  OK  [0m] Started Terminate Plymouth Boot Screen.
[[0;32m  OK  [0m] Started Hold until boot process finishes up.
[[0;32m  OK  [0m] Created slice User Slice of vagrant.
         Starting User Manager for UID 1000...
[[0;32m  OK  [0m] Started Serial Getty on ttyS0.
[[0;32m  OK  [0m] Started Getty on tty1.
[[0;32m  OK  [0m] Reached target Login Prompts.         Starting Set console sc         Starting Wait until snapd is fully seeded...
[[0;32m  OK  [0m] Started User Manager for UID 1000.
[[0;32m  OK  [0m] Started Set console scheme.

Ubuntu 16.04.7 LTS ubuntu-xenial ttyS0

ubuntu-xenial login: [  114.090221] cloud-init[1366]: Cloud-init v. 21.1-19-gbad84ad4-0ubuntu1~16.04.2 running 'modules:config' at Mon, 15 Aug 2022 19:53:23 +0000. Up 111.35 seconds.
[  117.593905] cloud-init[1434]: Cloud-init v. 21.1-19-gbad84ad4-0ubuntu1~16.04.2 running 'modules:final' at Mon, 15 Aug 2022 19:53:27 +0000. Up 115.39 seconds.
[  117.594433] cloud-init[1434]: Cloud-init v. 21.1-19-gbad84ad4-0ubuntu1~16.04.2 finished at Mon, 15 Aug 2022 19:53:29 +0000. Datasource DataSourceNoCloud [seed=/dev/sdb][dsmode=net].  Up 117.58 seconds
